capitaling
cassididae
ca
cataplastic
catapla
cataplastic
chagrined
canicular
catchpoleship
car
cephalacanthidae
caulking
c
cantalever
c
caproyl
capro
caproyl
canicular
c
cerate
cat
cerebroscle
cantalever
canicular
ceramiaceae
cer
cerate
caraguata
cara
caraguata
cathr
chadarim
cevian
ca
catechetic
cate
catechetic
censori
canti
carrat
cantinas
caseworms
c
cath
casablanca
canorousness
cardiant
cardiomegaly
cementatory
cem
cementatory
caudatory
canonesses
cele
cangy
cappers
cespitulose
ces
cespitulose
canvasado
catabolic
cat
catallactic
cauchemar
chace
certificate
cele
cangy
ca
cantinas
catallactic
carnalized
capitaling
capitalin
capitaling
capitaling
causeway
canterburian
caraguata
cantinas
caroli
carpincho
catenas
caten
catenas
ce
carryon
carryo
carryon
capitaling
carmakers
c
cauchemar
casebearer
caseb
casebearer
c
ca
canonises
cantinas
carboh
ceryl
cery
ceryl
cantinas
ceramic
casablanca
cangy
cantinas
cangy
cangy
caulicule
caulicu
caulicule
c
cauchemar
cangy
c
cantinas
canorousness
cathedraticum
cangy
ca
cantinas
cenobitic
chainmaker
chainmake
chainmaker
carapidae
carpellate
carpincho
cest
