literal
servicedont
serviced
servicedont
raal
r
round
lounge
rinaldini
rinaldi
rinaldini
e
e
every
pre
could
untraditionally
s
desired
depa
f
f
for
pace
p
part
affidavit
courteous
courte
courtesy
for
tremendous
durability
the
last
neglig
incalculable
inca
incapable
ship
win
study
diaboli
entire
sperm
homagere
dead
unmindful
d
signifying
j
h
mendi
piazza
ne
flag
fla
flask
p
s
s
so
burn
part
but
chapter
form
raal
r
round
whale
wha
whale
arrah
arr
arrived
chace
ch
chapter
t
s
s
so
mehit
foal
nurseri
ma
wick
wi
with
shrine
shrin
shrine
bay
bay
bay
awhi
l
l
like
i
sweethearts
b
b
but
the
life
life
life
knowi
granite
xxx
sucklings
to
so
i
i
in
mathematical
m
o
o
of
kick
ki
king
de
thr
th
onethe
r
quarrelsomedont
quarrelso
quarrelsomedont
relied
relie
relieved
m
s
sprinkled
h
c
c
chapter
in
in
in
n
invent
b
devil
b
b
but
shivering
vindictiveness
vindictiven
vindictiveness
him
jealous
jeal
jealous
