ecto
ectozoan
drudgingly
drenchers
emboscata
electrotherapist
drink
ectodermal
editorialist
earache
e
e
every
efractory
electronic
elkuma
ectonephridium
eclipsation
dry
dulcineas
earpieces
eloquential
effect
duopolistic
e
electrodynamical
ecderon
elect
drag
embarked
dragged
eccrinology
down
duckpin
every
elecives
dulcinea
echopraxia
dumfoundered
electrolytes
eel
duomo
electronic
andes
annes
asses
cases
elses
gales
gases
gasps
gazes
gives
gores
knees
loses
moses
noses
onset
rises
roses
unset
vases
electrocardiograms
ebulliometry
ebulli
eavedrop
durability
dura
durani
eluvivia
echinodermatous
eliasite
ecchondroma
ecchon
ecchondroma
electrodepositor
echinocactus
ebulliometry
down
educ
dr
afford
efford
dupl
ebonies
grooves
el
electrotherapies
electrotherapies
electrotherap
electrotheraputic
dressed
dropped
grasped
e
e
every
elflocks
eject
embassage
duali
droningly
durative
duckish
dumaist
dumbest
drea
ectrodactylism
dulanganes
dul
dull
eyewitness
d
eeler
fejee
fever
fewer
leper
never
peter
queer
refer
every
ectrodactylous
effect
duckweeds
edwardeanism
edwardeani
edwardeanism
elasticness
d
ado
ago
dzo
eco
ego
fro
jam
jar
jaw
jet
jew
jib
jig
job
joe
jot
joy
leo
rio
tho
too
two
uno
who
emb
ectrodactylia
edd
dunnest
ecphorable
ecphor
ecphore
elementalism
economic
dunkirk
ec
ektene
elean
elaphomycetaceae
dratchell
eddies
ediles
eysoge
eys
eysoge
eagle
earle
earls
early
drained
eeliest
during
elisions
em
eyn
ellebore
dusserah
ecize
eci
ecize
echinulated
dwellers
embryoctony
elated
earthlight
du
eyre
jure
tyre
du
durani
ducally
duc
ducking
electioneers
every
educement
effervescible
elenchic
dryopithecus
dudler
dunelands
dunelan
dunelands
electrodynamic
elocation
dumpishness
ei
ecphorize
effervescently
embars
duodecimo
eidology
duocosane
efractory
eg
eg
egyptian
effluent
e
eligible
elegancies
dustpan
down
electrowinning
ed
ed
edge
ducklingship
duali
embitter
du
dropwise
d
d
down
driveler
drab
dra
drawing
eyeroot
elecampane
elec
electronic
electrobiology
elocutioner
echoize
durand
ebullience
eger
dumpler
eldin
eldi
eldin
dryermen
embiotocidae
druery
ea
egyptology
every
edulcorative
ele
eaning
easier
easily
easing
eating
drowte
ellenyard
down
eelware
ed
easternism
else
eluviated
else
dusenwind
druther
embottle
ecd
durra
judea
d
draftsmanship
earthsh
duplicia
edentulate
eatage
e
drumbling
earth
eyebridled
eb
ejam
emblan
editorializers
duraplasty
elenchi
du
elevato
ectoskeleton
electrophysiology
eloped
elop
eloped
drusy
down
electrolysed
dredg
embosoming
ejicient
ejic
ejicient
earmarks
drizzlier
driz
drizzliest
embalmed
ed
drudgism
duplicipenna
electropathy
el
duodenogram
durer
drumlier
echopractic
echopra
echopractic
elamite
duali
ecotypes
ectrodactylous
dressage
during
electronervous
ectomorphi
eleutherophyllous
el
eigenstate
else
drawbolt
duvetyn
duvet
duvetyn
ectrodactylia
edemata
edemat
edemata
dragshoe
drive
eleemosynary
dullishl
eikonogen
durability
duckwife
elevon
elevo
elevon
ecotone
ecumenicist
ecumen
ecumenicist
drawlingness
ectases
ect
ectene
eightieths
electrogalvanization
durra
drucken
drucke
drucken
elysee
elaborate
embossers
eclipsises
dupedom
dropwise
dropwis
dropwise
duchesnea
ducked
embassies
dru
electra
embraceo
egohood
ell
ell
ellagic
eleemosynary
eisodi
embar
