evidently
matteroffact
sile
marchfor
s
colder
for
request
strength
bordered
powdered
wondered
janitor
unconscious
much
mu
much
queenstown
w
w
was
aint
belt
bill
bolt
colt
dint
dirt
felt
file
fill
fist
gift
gilt
halt
hill
hint
jill
kill
lift
list
melt
mild
mile
milk
mint
mist
nile
pile
pint
rift
riot
salt
sift
silk
sill
tact
tale
talk
tall
tart
tell
tent
test
text
that
tice
tide
tidy
tied
ties
tiff
tile
till
tilt
time
tina
tink
tint
tiny
tips
tire
told
trot
wild
wile
will
wilt
still
training
village
prejudice
but
annihilation
s
s
she
bang
cane
cant
cent
clog
cone
hang
hung
king
long
pang
rang
ring
rung
sang
sing
song
sung
wing
reach
re
read
cooling
just
roar
rose
rosy
spa
concert
wrench
sandwich
wad
picturesque
m
esteemed
squeak
sque
squeezed
contact
supper
profit
m
m
my
storm
swarm
cu
blackbird
thr
piteous
confuse
confu
confusion
suspicions
absurdities
asis
beds
bees
bein
bess
bois
dess
fees
fess
gets
heir
hens
hers
jews
keys
legs
less
lets
mees
megs
mein
mens
mess
neds
nets
news
peas
pens
pets
rein
seas
sees
this
veil
weds
zeal
zest
lucid
lu
lunch
rummaged
infringement
infringeme
infringement
deceive
pensive
mince
triumphant
mignonette
beaver
editi
elephants
rather
brace
grace
grave
greco
grove
price
trace
reach
rea
read
freds
doub
disconsolately
chance
chan
change
creamcolored
was
mousecolored
cheadles
che
cheerful
daze
doze
haze
race
rage
rare
rate
ride
ripe
rise
rite
robe
rode
rome
rope
rose
rude
rule
ruse
size
pellmell
pell
pellmell
stagger
expression
amymiddling
crabbing
fortnight
generation
generatio
generations
ought
inquire
inquir
inquired
dreamed
p
pathfinder
huddled
energetically
baa
elves
slagle
sl
slowly
frenchman
ashamed
clippingsabout
in
bible
bribe
byeby
liebe
niece
niobe
piece
pluck
plu
plumfield
euphemisms
f
f
for
toga
schaal
period
crimp
crimp
crimp
applepickers
aw
ache
disc
presence
englishman
fathers
gathers
mothers
oa
pleasurable
wild
clog
millennium
failing
rather
dashboard
rejo
folks
silks
talks
walks
yolks
expr
difficult
hemm
striking
cheerful
determined
pois
cheerfulness
sha
dollanity
indeed
copy
gatsbynothing
listening
fo
whim
co
co
could
ancient
administered
admi
admired
previous
whe
garage
enor
bein
chin
even
evil
gain
goin
grin
inin
iron
join
main
mein
oven
pain
rain
rein
ruin
skin
spin
thin
twin
vain
xvii
unintelligible
uninte
uninteresting
xxvii
than
better
latter
lester
letter
litter
t
t
the
intensely
poor
dontitsits
r
r
rather
fixedly
air
neatly
really
council
fumbled
humbled
jumbled
mumbled
tumbled
wicked
wi
with
youd
tell
livelier
lovelier
aquaplanes
bib
bid
big
bit
iii
vii
xii
place
bank
bind
link
pink
sink
tink
wink
turbulence
slowlybut
r
capture
cab
ca
came
twelve
rather
sorting
t
cave
gave
have
pave
save
wake
wane
wave
wavy
weve
selfish
breakfast
steadied
plump
slump
aunt
aunt
aunt
prizes
into
christian
co
co
could
illustration
for
shalt
bl
covered
hovered
mine
mine
mine
property
ect
discover
wellstored
formal
normal
stick
alert
court
exert
fiery
fleet
flirt
a
a
and
irritated
eight
lizards
her
seedcakes
o
impetuosity
do
curious
madam
mada
madame
beaten
crates
heated
leaves
plates
seated
skates
states
verses
west
wes
west
guessed
hundred
speechless
concatenation
blossoms
halfwistful
halfwis
halfwistful
amen
barn
bead
beam
bear
beat
beds
beef
been
beer
bees
bein
bell
belt
bend
bent
bess
best
beth
blew
bonn
boon
born
brew
burn
deed
deep
deer
even
feed
feel
fees
feet
fern
heel
keen
keep
lean
mean
meek
mees
meet
mein
need
omen
open
oven
peek
peep
reef
rein
seed
seek
seem
seen
sees
then
wean
week
weep
weet
when
fart
meditative
jumble
jum
jumped
approved
gene
laid
expanded
cousins
m
warwick
surrender
rosyfaced
t
planning
sea
badness
fitness
fulness
sadness
mean
doll
poll
roll
g
stovedoor
snake
interesting
accelerator
broadcast
e
getting
stubbo
gainst
smoo
hailed
hatred
healed
howled
pa
force
straggled
str
strong
colonel
smallbreasted
thinning
con
thudding
remain
mantelpiece
i
i
i
tipping
birdslaughing
birdslau
birdslaughing
obvious
s
s
she
supposed
conc
add
odd
ode
old
bring
theres
wheres
ought
ineffable
all
oranges
ineffable
ball
bell
bill
bull
call
doll
dull
earl
edge
ella
emil
evil
fall
fell
fill
full
gull
hall
hell
hill
idle
idly
idol
itll
jell
jill
kill
lull
null
poll
pull
roll
sell
sill
tall
tell
till
wall
well
will
fred
batch
bitch
catch
ditch
dutch
hitch
latch
match
patch
pitch
watch
witch
f
f
for
aof
bob
bog
bon
bow
box
boy
coo
cow
dew
doc
dod
dog
don
doy
few
foe
fog
for
fox
god
got
had
haf
har
has
hat
hay
hed
hem
hen
her
hes
hev
hey
hid
him
hip
his
hit
hod
hog
hop
hot
how
hue
hug
huh
hum
jew
job
jos
joy
law
log
lor
lot
low
mon
mop
new
nod
noi
nom
non
nor
not
nov
now
paw
pop
pot
raw
rob
roi
row
saw
sew
sob
sol
son
sow
toe
tom
too
top
toy
von
vow
woe
won
woo
you
offici
snub
neckornothing
neckorn
neckornothing
jealously
e
wait
wellbehaved
wellbeh
wellbehaved
redandwhite
ob
chosen
education
education
education
measured
gr
occasional
i
i
i
elbow
p
window
hospitable
butter
cutter
duster
gutter
hunger
hunted
muster
mutter
number
putter
winter
suavity
compilation
scalded
sc
school
httpwwwpglaforg
train
aint
deft
dint
dirt
fist
gifs
gift
gilt
hint
left
life
lift
list
mint
mist
pint
raft
rift
riot
sift
soft
tiff
tilt
tint
wait
want
weet
went
wept
west
what
whit
wide
wife
wild
wile
will
wilt
wind
wine
wing
wink
wipe
wire
wise
wish
wisp
with
wits
wont
wort
embracing
embraci
embracing
parley
pulled
refu
whas
darted
neckornothing
f
jersey
sol
helpless
pulpless
par
par
part
immaculate
c
c
could
unsolicited
th
flowed
alsoone
ab
ah
ak
am
an
as
at
au
ay
be
by
co
da
de
di
do
dr
du
ed
ef
el
em
en
et
fo
go
ha
he
hm
ho
id
if
ii
im
in
is
it
iv
ix
jo
la
ma
me
mo
mr
ms
my
no
ob
of
oh
on
or
ow
pg
pm
rd
rs
sh
so
st
th
to
up
us
ut
ve
vi
vo
we
xi
xl
xv
xx
effort
mexico
vi
vi
view
handkerchief
schuberts
schuber
schuberts
hurry
won
trembling
diamonds
throwing
ho
ho
how
paddled
shock
secrets
spirits
she
unambitious
g
g
go
theatres
winkle
faade
fr
survive
extent
silent
mend
mend
mend
beaming
flaming
spacing
submi
figure
minute
a
dealt
in
suiting
waiting
writing
refer
ref
refund
blocked
woe
wo
would
ach
act
ben
bon
bun
can
dan
den
din
don
ein
fan
fun
gin
hen
ice
man
men
mon
nan
non
nun
own
pan
pen
pin
ran
run
san
sin
son
sun
tan
ten
tin
tun
urn
von
wan
win
won
xii
xiv
xix
xli
xlv
xvi
xxi
xxv
xxx
pocket
angelic
th
denis
finds
hints
kinds
kings
lines
links
minds
pines
pinks
rinds
rings
sings
tinas
vines
winds
wings
wheat
defending
dress
plucked
plumped
plunged
spider
spide
spider
nutting
accelerator
ac
across
muslin
re
baby
bach
back
bade
bags
bald
ball
balm
band
bang
bank
bare
bark
barn
bars
base
bask
bass
bath
bend
bent
bind
bite
blue
bona
bond
bone
bonn
bore
cage
cake
came
cane
cant
care
case
cave
cone
dame
dare
date
daze
dine
done
ease
face
fade
fame
fans
fare
fate
fine
gale
game
gape
gate
gave
gone
hale
hand
hang
hans
hate
have
haze
june
kant
kate
kaye
lace
lake
lame
land
lane
late
line
made
make
male
mane
mans
many
mate
mine
name
nine
none
pace
page
pale
pane
pang
pans
pate
pave
pine
race
rage
rang
rank
rare
rate
safe
sage
sake
same
sand
sane
sang
sank
sant
save
take
tale
tame
tank
tape
tone
tune
vale
vase
vine
wake
wand
wane
want
wave
wine
yale
whe
immediate
children
morninggown
car
car
care
bower
fewer
lower
power
queer
tower
s
sentences
yolks
yo
you
reckless
nightgown
beads
deeds
heads
leads
lends
needs
reads
sakes
sands
seals
seams
seats
seeds
seems
sells
sends
serfs
weeds
concoc
sewinsheena
clad
cl
close
agrees
fiddle
stained
laurie
effervescence
durable
dur
during
negro
never
na
iii
ill
nil
oil
quotation
quotat
quotation
embodied
rabbit
loved
moved
roved
rowed
patron
patron
patron
rosyfaced
