h
h
he
homopolymerization
hypogonadism
homekeeper
hyp
hysterolithiasis
homburgs
hom
home
honeybuns
hottentotese
hotte
hottentotese
hyperploidy
h
h
he
homaloid
h
homalogonatous
ho
ho
how
hollaite
hi
hypodermosis
h
h
he
hornworms
hyperdivision
homogamic
hildebrandslied
hil
hill
hypoleptically
honeymouthed
honeymout
honeymouthed
hologynies
hoth
band
find
fond
hand
hond
kind
land
mend
mind
pond
sand
send
tend
wind
xxii
xxiv
xxvi
histophysiologic
housebrokenness
hydroplane
hydropla
hydroplane
hoboing
horsecart
horsec
horsecart
horripilate
hilarious
hil
hill
hypoplanktonic
homeogenic
hypnological
h
h
he
holking
hooding
hooping
looking
hipped
hypopygium
hypsibrachycephalism
hygiastics
homomorph
homomo
homomorph
hypersplenism
he
hipless
hom
hyperostotic
hyde
homologist
hid
homelyn
he
hoggin
hypos
hypos
hyposalemia
hypnaceous
hypnotic
homeothermic
hysterectomized
baggy
hoggy
horsefli
hydroxylization
hollyleaf
hypopygium
hosannaed
homoiotherm
homonymous
honans
hyperreveren
hoveler
hyperpyram
homoeophyllous
hom
hom
home
homologue
hyp
hyp
hypnotic
bog
bow
box
boy
dog
dos
fog
for
fox
god
gog
got
hei
hog
hoi
hol
hom
hon
hot
how
hoy
iii
iti
job
jog
joy
log
lor
lot
low
moh
mon
nay
net
new
non
nor
not
now
nut
ook
pop
pot
pou
psi
rob
rom
row
sob
soh
son
tom
too
top
vii
wei
woe
won
wot
xii
xvi
xxi
you
zoo
his
hypersensitiveness
hyper
hoarser
houdah
hou
house
hyperepinephria
hone
homelet
hyperthyroid
hollowed
hippiatric
hominiform
hie
hippopotamic
hinting
homerical
ho
hillo
hills
hilly
himne
hirse
hithe
hived
hoyle
rifle
title
ville
hygeist
hyg
hygrophaneity
hypocalcemia
hyli
hyli
hylidae
hogyard
hypophyge
hierodule
hydromonoplane
hydromo
hydromonoplane
hypophrenia
housage
hyperosmic
h
hypochondria
hyp
hyp
hypnotic
hydroxides
hyp
hylogeny
hypogene
hypogyny
hypotony
hoiden
hylophagous
hotching
hoked
holed
honed
hoped
how
honesty
h
hypoadrenia
hollyle
homolography
hyperlactation
hydrophyllum
hypertranscendent
hypertr
hypertrophies
holochoanitic
hoo
hyperdicrotic
horsebane
hierodule
hin
hyetometric
he
hythergraph
hypnotic
horsejockey
hid
hi
his
hyperaemia
hirudinal
homophonically
hyperabsorption
hyper
hyperbolical
hospodar
hydropol
holinesses
hie
hymnary
hyphenize
hyperdoricism
hylactic
hyl
hylocomium
hyperapophysis
h
hoarhead
h
hotelhood
hypocrater
hyperbrachyskelic
homoerotic
homoero
homoerotic
horsepower
hydro
hyperphosphatemia
h
hypotarsus
hypo
hypo
hypohyal
hyperfastidiously
holoph
hoopoos
hol
homilete
homilite
homilize
hypo
hypo
hypohyal
hogni
h
homocerebrin
honeyb
hydroperoxide
hypolimnetic
hypercrinia
hippobosca
hippobos
hippoboscid
hobbies
h
hoddy
hypogeocarpous
hypaesthesia
hypnotic
hysterelcosis
historiology
homobront
ho
hinderful
wonderful
holo
abed
aged
awed
bled
bred
deed
died
eard
eres
even
ever
eyed
eyes
feed
fled
heed
hied
hoed
hynd
need
oped
owed
shed
sped
tied
used
hypos
higginsite
hype
hornily
horsely
horsify
hypethral
hotelhood
hones
hypertensely
hieromancy
hysteralgic
hyper
hyper
hyperbolaeon
hyracid
hosp
housewarming
homoeomorphy
histoclastic
hippocamp
hologastrular
hyperbolaeon
honduranian
hypoconule
hornbeam
hyraces
hyperadrenia
hydrotherapeut
holstein
hornwood
hyphenize
his
hypertropia
ho
hymnlike
hirable
hir
hired
bolder
calmer
colder
former
holder
holier
holler
holmes
miller
mocker
mother
solder
hotchkis
hyperthesis
hylob
hyperdolichocranial
h
hypoglycemia
hypercivilization
coward
holard
homard
howard
toward
hygros
horsepox
hodd
hypernephroma
hypopharyn
hypoleptically
hypertec
hypotonus
homalocenchrus
homalo
homalopsinae
honorararia
hyperalgebra
hyperalge
hyperalgetic
holdbacks
hyperbolaeon
highlight
hydrophor
honeymouthed
horses
hypocalcemia
hova
hommack
hyp
hyp
hypnotic
hypersensitization
hollo
houseworker
hoising
hyracoidea
hypocleidian
hypocleidi
hypocleidian
holloas
hypersolid
hypodactylum
how
housage
hyperdem
hyperdicrotism
horses
hygrophaneity
how
honeworts
house
hindhand
he
hoatzins
hyperc
hilliest
hysterocystic
hypon
hydrosalpinx
h
hypophrenic
honorific
hoor
hydrometallurgical
hot
hot
hot
homiliaries
hormet
holystone
hyper
hypocaust
horoscopal
hirsel
homoeomerae
homoeome
homoeomeric
hypopepsia
he
highchairs
hierogamy
hierog
hierogamy
hirmos
hormos
hymen
hym
hymenic
holmium
homichlophobia
homi
homicidal
historicodogmatic
hyperdimensional
houndfish
hypercrit
hypergenetically
houseles
honestness
hyracoid
hysteropexia
horses
housecoats
homebred
hysterical
he
hypnotists
hopeless
hitchier
houbara
horizonal
housekep
hylocereus
highlandish
hyracodontid
hyosternal
hyoster
hyosternal
histie
hostie
hold
holdover
hyde
holds
holed
holer
holes
holey
holks
holla
hollo
holly
holms
holts
holobaptist
hoopers
hoppers
hopples
hoo
hoo
hoods
hydrorhizal
hoo
homoeogenic
h
homecomer
hyothere
hyot
hyothyreoid
hyperalbuminosis
hydromyelia
homoeogenic
hypodicrotic
hypodicro
hypodicrotic
hieracosphinxes
hyper
hyperangelic
hom
airi
biti
heri
hide
hied
hies
high
hike
hile
hili
hill
hilt
hima
himp
hind
hine
hing
hint
hipe
hips
hire
hiro
hisa
hish
hisn
hiss
hist
hits
hizz
hopi
hyli
siri
viii
xiii
hyolithoid
hyperdolichocranial
housepaint
housep
housepaint
hieracosphinges
hippopod
hippopo
hippopotamic
hypersensuously
hypo
hotel
homoeomorphy
hypothec
hydros
hydros
hydrosere
hornblendic
hyoideal
hyperkeratotic
hospita
hospita
hospital
histophysiologic
hypohyal
hypoleucocytosis
hymnode
hymno
hymnodies
hypothetizer
historial
bare
bone
bore
born
care
come
cope
cord
core
corn
cort
cure
dare
dire
done
dose
dove
doze
fire
fore
form
gone
gory
hare
here
hire
hohe
hoke
hole
home
hone
hope
hora
hore
horn
hors
hory
hose
hote
hove
joke
jove
lord
lore
lose
love
lure
mare
mere
mire
more
morn
move
none
nose
note
poke
pole
port
pose
pure
rare
robe
rode
rome
rope
rose
rote
sole
some
sore
sort
sure
tone
tore
torn
vote
ware
were
wire
woke
word
wore
work
worm
worn
yare
yoke
york
he
horry
sorry
worry
hypoglossal
hypermetamorphoses
hid
hi
his
hyperspace
hol
bits
fits
hits
sits
wits
hooperman
hoydenism
ho
hyperethical
hypercalcaemia
hyperc
hypercryaesthesia
homoeomorphous
hypercarnally
hirsling
horrifically
hornfish
h
hyperglycemic
ho
histaminase
hid
hi
his
hotdogger
hydrophor
hotelization
histothrombin
hypostasized
homeopathist
histones
hig
hyperparasitic
he
hilloed
hol
hol
hold
highflier
hoising
hypermetamorphotic
hyperrationally
hyperrationa
hyperrationally
hogmollies
ho
hippogriff
hoopoes
hohenstaufen
ho
hymnology
hypnology
hinsdalite
finite
hivite
h
h
he
hogmanays
histographical
hyperexaltation
hypegiaphobia
hype
hyperbolaeon
hoedown
horsebush
horsebus
horsebush
hygrine
hyperdimensional
hyperdime
hyperdimensionality
act
aft
apt
art
ast
bat
bit
but
cat
cut
eat
fat
fit
get
git
got
had
hag
hap
has
hat
hay
hea
hed
hei
her
hes
hid
hie
him
hin
hip
his
hit
hld
hny
hoc
hoe
hog
hoi
hol
hom
hon
hoo
hop
hot
how
hoy
hue
hug
hun
hup
hye
hyp
ist
jet
let
lit
lot
met
net
not
nut
oft
ont
out
pet
pit
pot
put
rat
sat
set
sit
tat
tot
tut
wet
wit
wot
yet
homoeogenous
hyposmia
hyperoxygenize
hinting
hitting
hooting
hosting
hotting
houting
hunting
hurting
houseward
hominesses
h
hispidulate
ho
horizonal
hone
hone
honest
hypercylinder
how
born
burn
corn
earn
hard
hare
hark
harm
hart
herb
here
heri
hero
herr
hers
hire
hiro
hisn
hohn
hoin
hoon
hora
hore
horn
hors
hory
hurt
hymn
morn
torn
turn
warn
worn
hyp
hypsicephalous
hyper
hyperacuity
honest
homiculture
hyl
households
hi
hirable
homoeomerae
hormonize
hyporhac
hoodies
hyperthermalgesia
hypersensuous
ho
hypercylinder
hyperp
hyphomycosis
hora
hail
hall
heal
heel
hell
hill
howl
hull
h
h
he
homogamic
h
hypotony
hol
hoodcap
hom
hom
home
homologies
horologies
hodg
homophylic
hospital
hyperlithuria
hyperconscientious
hyperconscien
hyperconscientiously
horsewoman
hinderlands
hypozoic
hypergenetical
hyperge
hypergeometric
hyperplane
hypercalcae
horsehoof
hijack
hilarities
hotching
hijra
ho
ho
how
hyperpotassemia
holoptychian
holopty
holoptychiid
holidayed
hymen
hyme
hymenic
hymenopterologist
hordarian
hornify
hoe
hyperemotional
hovel
hostelries
he
hyperfastidiousness
hippiest
hyperpredator
h
hocus
hotness
hotnes
hotness
honeymoonlight
hypnogogic
hydrophanous
h
h
he
horsemint
ho
hoarsely
hoofb
hypnotists
horses
holofernes
hierocracies
housed
housel
houser
houses
hysterics
hypoxias
hyperdiapente
honeyful
hosted
homologating
hid
hypokinesis
hypnotic
hyperscholastically
hon
holoplexia
hypersacerdotal
hypers
hypersystolic
hyperthetic
hymen
homesickly
hydroscopical
fitted
hilted
hinted
histed
lifted
hypercivilization
hypercivili
hypercivilized
hyrst
quest
hypnotic
hyperoxygenizing
hyzone
hyz
hyzone
hypnotistic
housetop
houset
housetop
hydrosilicon
hysterics
hobbil
hyposul
homonomy
hobiler
hostessed
he
hyperaphic
hy
hypercholesterinemia
hotelles
hyotherium
hypocalcemia
holosystematic
h
hospitalman
homopathy
homop
homoplasmic
hyperkaliemia
hypod
hierographical
hysteropathy
hypothami
holdfas
homodontism
hinsda
hypermetrope
hoo
hoo
hoods
hylozoism
hyraceum
hyper
hyper
hyperbolaeon
hypersceptical
hyperplan
hieroglyphically
hydronitric
hypoplastral
homoplasmic
hissers
houseparent
houseparen
houseparent
hylozoism
homoeomorphy
histiology
h
hypothyroid
hock
hock
hockday
horrification
hypersensitization
honourableness
hypotactic
hypota
hypotaxic
hypophare
ho
hypertrophy
hippolytidae
hypoplasy
hypostrophe
hypostrop
hypostrophe
homoanisic
hyperdiatessaron
hoarwort
holewort
hoodwort
hornwort
house
homotaxy
hirable
hir
hired
hobbil
hoodedness
hinting
hunting
panting
renting
wanting
hyp
hookerman
hooperman
hogg
hookish
hypostat
homophonically
horsefoot
horsefo
horsefoot
hypohidrosis
hookmaki
hyperpyrexial
hylopathism
hoagie
hoggie
hoggin
hypocrinia
hypocri
hypocrize
hillsman
hypo
hypodactylum
hone
hypercalcemic
how
h
holaspidean
hippolog
hypersentimentally
hip
highting
he
dip
hap
hid
hie
him
hin
hip
his
hit
hop
hup
hyp
lip
tip
homoeot
hippotomical
h
housecoat
he
hopefully
hornyhanded
hohokam
hypnody
hypnod
hypnody
honkeys
h
homoeanism
ho
holdenite
his
hidroses
hypostatic
hypostati
hypostatize
historicopolitical
hodman
hodm
hodman
honkey
hypoantimon
hylocereus
hyperbolaeon
hoarily
h
homotropous
homoeomorphy
hyperparasitic
hyp
hyperotretan
hid
hi
his
hogtieing
hypo
hymnariunaria
hypabyssal
hypab
hypabyssal
hoppergrass
hogmane
hyperpatriotically
high
hornbeak
hyde
hypnotizing
hoarsely
horseplay
he
hyperspeculativeness
holotrichid
hypercyanosis
he
hypotaxis
how
homodermic
how
holsters
monsters
h
hyperemesis
horses
hyperchloric
hydroxycorticosterone
holoscope
hobbledygee
dinner
hinner
hypegiaphobia
hype
hyperbolaeon
hiems
highs
hills
hilts
hilus
hinds
hints
hires
hisis
hists
honeymouthed
honeymou
honeymouthed
hypalgesia
homefolk
honeymonth
he
hieromnemon
hist
hist
historics
hyperbarbarism
hypnotic
hogtiing
hypnotic
hyperacuteness
horizonward
horizonwa
horizonward
hinder
hynder
hyperrealizing
hyperthrombinemia
hyp
hyp
hypnotic
honeycombing
h
hypotoxic
hoa
homeopathies
hyp
hoplitodromos
ho
ho
how
horizon
he
honorless
hope
hymnology
hypoblastic
hypobla
hypoblastic
hipsters
hoosi
hydrotherapeutic
hyperconsciousness
hyperconsciousnes
hyperconsciousness
hygienically
hyperprism
hyperpris
hyperprism
hogmanays
hypsochromic
houppelande
honeybin
hypomorph
hobbledehoydom
hobbledeh
hobbledehoys
hoggs
hokku
holosiphona
hyperangelic
highbelia
hor
holotricha
hoag
hominal
h
hindquarter
ho
ho
how
hogbush
hydroxydehydrocorticoster
homaxial
hormogonous
hypercoracoid
hiragana
hide
hied
hies
high
hike
hile
hili
hill
hilt
hima
himp
hind
hine
hing
hint
hipe
hips
hire
hiro
hisa
hish
hisn
hiss
hist
hits
hizz
hypnotic
hyoepiglottic
hyde
hierophantically
housage
homeomorphic
he
bone
bore
come
cope
core
done
dose
dove
doze
fore
gone
hohe
hoke
hole
home
hone
hope
hore
hose
hote
hove
joke
jove
lore
lose
love
more
move
none
nose
note
poke
pole
pose
robe
rode
rome
rope
rose
rote
sole
some
sore
tone
tore
vote
woke
wore
yoke
hypnotic
hostlerwife
he
hyperacousia
hid
hi
his
hypoxic
hypervitali
homothermy
hymn
hypercryaesthesia
hyperep
honestest
hy
hyperons
homoeozoic
homogeny
he
hypoxanthine
h
h
he
hodiernal
hoy
horizonal
hildebr
hyperaesthete
house
horribly
honorarily
hyponasty
hoise
hois
hoising
hyporit
h
honeybloom
hyperp
hyponoias
hysterics
hydrophilidae
his
happy
hippy
hoppy
hot
hortensia
hyper
housecleaner
hydrophyllaceae
hydrophylla
hydrophyllaceous
holystone
hogweed
hogwe
hogweed
hyperextension
h
hortyard
h
highermost
hoplonemertini
hypernutrition
ho
hypophyllum
homometrical
hostal
hostel
homes
honkey
hid
hooligans
h
hylozoistically
hypsilophodont
hyracid
honeylike
holders
histami
homotactic
hyperspeculative
hypolydian
hood
hooperman
historicopoli
holomorphy
h
h
he
hyetological
hypopoddia
hypopod
hypopoddia
homolosine
hoar
hypocotyledonary
hitherward
hypothesiser
hypersystolic
hyoscyamine
hyperenthusiasm
hypocystotomy
h
h
he
hopoff
hol
homophony
hooker
homebreds
hylactic
hyl
hylocomium
hydropolyp
hydrotheca
hyperleptoprosopic
hyperlactation
hypodiazeuxis
hygiantic
homogenizing
homoeomorphy
dinner
finger
hinder
hinger
hinner
hinter
singer
winter
hydromel
hydro
hydrometrical
hypersystole
hom
histomorphological
hie
hocking
holking
hooking
hierolatr
hypernik
how
hysterotomy
hoatz
hoodedness
hookedness
hornedness
hypsistenocephalic
hypsistenoc
hypsistenocephaly
homelily
holyday
holyd
holyday
hymnologic
hypnologic
hypophloeodic
hypoeliminator
hypnotic
holosiphona
hoodlumish
homeozoic
horsier
hyperdeliciousness
horses
hogbush
h
hoosgows
hoarsened
hollowfoot
ho
ho
how
hollands
hornwork
hornwor
hornworms
hyracoidian
hypergol
hyperconsciousness
hogm
histiocytic
he
hypoiodite
how
hindsaddle
hone
hydrotomy
holosomatous
hitch
pitch
witch
honorif
horrifically
hydrox
hypersuggestibly
h
h
he
hyperbolical
h
homalosternii
holconoti
holcono
holconoti
hieromancy
hounce
houn
houndy
hyperrealize
hyperd
hours
pours
spurs
yours
hydroselenic
hirondelle
h
hoveler
hyp
hypocytosis
hold
heri
hili
hopi
hyde
hyke
hyle
hyli
hymn
hynd
hyne
hypo
hyps
hypt
hierapicra
horsefight
hinoid
homocerebrin
hid
hi
his
homeopathy
hog
hog
hogmanes
hysteresial
ho
ho
how
hieraticism
hypopepsia
hyphenating
holothur
hippocrateaceous
hop
bilders
holders
hyperdelicacy
homopolar
h
hierarchizing
hypo
hypo
hypohyal
hag
hog
hug
hyper
hyper
hyperbolaeon
himyaritic
hippurite
hypophyll
hyperlactation
hyperl
hyperlactation
hoplonemertini
ho
ho
how
hortatively
hobnail
hypothecatory
hove
hotels
homogenizing
historiography
h
hondurian
histopathologically
homeotic
how
hortatorily
hyperbolaeon
homoeotypic
hondurean
horrorist
hoactzins
hydroxybenzene
homeland
hylomorphical
hyperbolaeon
hierophantically
hippomet
hookas
hyperconfidence
hypochondriacism
hyperhilariousness
hyperthyreosis
honest
hyperbolaeon
hotch
homogeny
hopkinsian
hyperoodon
hypostyptic
hypersthenite
hypoacid
homoiousious
hogbush
highlandman
hyperuresis
hypotonicity
hymnology
homochromy
hippocras
hippocr
hippocras
hydrotimetric
hookweed
hookw
hookwormy
hydroponicist
he
hysterically
hypnoanalyses
hypercryaesthesia
ho
horsehair
how
highchair
hotboxes
hydrothecae
horror
horro
horror
homeotypic
h
homestretches
hypabyssal
hornbeams
house
house
house
hypertenseness
hyde
hy
hypnotic
homeomorphy
hydrometrical
hypothecator
hyperdiatessaron
historics
hystericky
hogton
hogto
hogton
hypabyssally
hyperdimensionality
hyperdimensionalit
hyperdimensionality
hoddypeak
hyde
hy
hypnotic
homrai
hyperendocrinia
hyperendocrin
hyperendocrinia
hydrophylliaceous
how
hohe
hirse
hirse
hirsel
hinderers
hyperconstitutional
hyperconstitutiona
hyperconstitutionally
hostler
hitchiti
homelessness
histophysiological
hypercomplex
hypsometric
hypsometri
hypsometrical
hyperthyreosis
hora
hor
horses
horsehides
ho
holking
ho
ho
how
hogweed
hyracoid
hottentotic
hollow
hominine
homocentrical
homoce
homocentrical
hypercrinemia
hydrometrical
hypothermia
highholder
highhol
highholder
hypoconulid
honora
honora
honorarily
hymenopteran
higgle
higgl
higglery
hypercholesterolemic
h
hoove
hypervigilantly
hypervigilan
hypervigilantly
hyperemetic
h
housecleaning
hologynies
hydroplanes
ho
homometrical
hi
histotrophic
hyp
hyperkaliemia
hotspur
horseshoes
hypoionian
hypofunction
he
hydrozoic
hid
histotrophic
homeoblastic
homeo
homeopolar
hopheads
hyde
hyperflexibleness
hypotroph
hygrometric
hippuria
hippuri
hippuria
hypochondriast
ho
hopbind
hype
hiliferous
hokku
hypoglossis
hyp
hyperconformity
hypobenthonic
hypnophobic
hydros
hymnals
himwards
hirofumi
ho
ho
how
hyperconscious
he
hydrosols
hilarytid
hymenopteran
hissel
hypercythemia
hypsodonty
homeopathist
hyperflexib
hinnying
hippological
hornbooks
hol
hiodont
h
h
he
hieracosphinxes
hyperang
hydroxylic
hydromel
hydr
hydrometrical
hypersentimental
house
hoosierize
houston
houst
houston
housewares
h
h
he
hyperperfection
hypnotic
hyracotherium
hypocriti
hommock
house
hlorrithi
histi
horvatian
homoiousian
hornbeams
histogen
hinderingly
hoar
homologation
historial
hindmost
h
hieromnemon
hobgobli
holibut
hydroplane
hydropl
hydroplanes
hyperboreal
houseball
houseb
housebrokenness
hipsters
hyde
hy
hypnotic
homoeoplasia
hierophancy
hierop
hierophantically
hlorrithi
hypotenuses
hymnology
hypnology
hypochonder
homophthalic
hitting
hymenopteron
ho
hygienal
hypnotic
hypersthenia
horologies
hydrosere
hydros
horseflies
holida
hyponitric
h
h
he
hypersensualism
hora
hor
horses
hieromartyr
hyponychium
hypanthia
how
homozygously
horse
hypogeusia
honeydew
hoopoes
hogmanes
hypostasized
he
horsebreaker
hirsel
hotfoots
homag
homoplasmic
hyde
hypersystole
hispani
hypsodonty
hypocrital
horned
hymned
horse
horticulture
hierophan
hypergrammaticalness
ho
housecarl
housewif
hydroptic
hypermagical
hyperm
hypermetrope
hippurites
ho
ho
how
hymnariunaria
horsebane
homeogenous
hyetograph
hypocalcemic
holmberry
holmb
holmberry
historiography
hobbyhorse
homocercy
holosericeous
hyperaccurate
ho
ho
how
holopneustic
hoodsheaf
hirings
h
howbeit
hovelled
hovelle
hovelled
hordeaceous
hydrop
hylodes
hosanna
hos
hospital
hyperacusis
homerooms
hyphenation
hypohyal
hosepipe
hypergeometric
hirer
homin
hypoed
hypoid
hypped
hypoparathyroidism
hospital
homogamic
homogam
homogamic
horrorful
homeophon
hippophagism
histomorphological
hypothermy
hypoc
homonymic
horsepower
horsepo
horsepower
hospitalman
ho
ho
how
hollowest
hyp
hypocotyl
home
holothoracic
hydrostat
horizon
hypoth
holms
hosanna
hos
hospital
hilliest
homolog
homolo
homologating
hydromonoplane
houndy
hoogaars
ho
hypermetaphoric
homeochromatism
homeochromati
homeochromatism
hypercrinia
hobbed
hob
hobbil
horopter
hypocalcemia
hypocal
hypocalcemia
hollaing
hyperpa
hired
hiren
hirer
hires
hirse
hirst
he
hindberry
h
houndsbane
h
h
he
honkies
hookies
house
hyperelegance
hypo
hosannaed
hypertro
historiology
hyde
hy
hypnotic
hyperepinephrinemia
h
honestone
ho
hypocrisies
hyla
hindwards
hounded
himene
hyperbolaeon
hypoeutectoid
homophobia
hollantide
historicopolitical
homographic
homesick
homesi
homesickly
hoggs
hongs
hypogastri
hydroxyazobenzene
hystazarin
hyst
hysterics
hyoglossi
holobaptist
hysterics
hyperdactyl
hyperd
hyperdiatessaron
holophane
hyperbolaeon
hydronephrotic
he
hindguts
hi
hooeys
hypermenorrhea
hierurgies
homocarpous
holoplexia
ho
hogo
hoho
homo
hypa
hippiatrical
h
highchairs
hypnotic
homothety
h
h
he
holloas
hyper
holostome
hypercarbamidemia
holoparasite
ho
hypsidolichocephaly
hort
horseweed
hypnotic
hypocotyleal
his
hypocephalus
hopper
hopper
hopperdozer
hornswaggle
himan
hyperalgia
hyponastic
hyperexcitably
hyde
hy
hypnotic
houppelande
hyper
hyper
hyperbolaeon
hoping
horne
holocephalian
hypoconule
hyperromantic
hologynies
hypothalami
ho
ho
how
hyphopodium
hostility
hysterocatalepsy
hori
hyperorthognathous
hypoglycem
hypercube
hylarchical
hogback
hogbac
hogback
hygrometrically
historicodogmatic
hydrosolic
holmberry
holmberr
holmberry
hypertypical
ho
hypericum
homoeopath
homoeop
homoeopathic
honestly
hourless
horseman
horsemen
hypercylinder
hyperinsulinism
hypoth
horae
horah
horal
horas
horde
horim
horla
horme
horns
horny
horol
horry
horse
horst
horsy
h
hypersensitising
h
h
he
hipped
hippen
hipper
hippia
hippic
hippie
hipple
hippos
hippus
horsecars
horsec
horsecloth
hypothesising
hydrometrical
hyperoxymuriate
h
h
he
highways
holoplexia
houghite
homeoblastic
hopelessness
housage
hobbist
hormist
hornist
historicophilosophica
historicop
historicopolitical
houseboating
horripilate
hypobases
h
hieromnemon
his
hyperfastidiously
holosomatous
holosomatou
holosomatous
hams
hans
hats
hers
hies
hips
hiss
hits
hobs
hods
hogs
hols
hors
hoss
hots
hoys
huns
hyps
hoard
holidaymaker
holohedron
hyetography
hymnography
hypsography
horsecloth
hieromonach
hoorayin
homomorpha
ho
hyperdiatessaron
house
house
house
hircic
hyp
hyp
hypnotic
horste
he
hillel
hortator
hyperon
hypothecato
honeworts
hira
holocephala
horizontic
hogans
hitch
hlidhskjalf
hyperbolaeon
hominify
homotonic
hyperpathia
hy
housels
hyperco
hysterotome
hone
hone
honest
homocline
hylo
guarding
hoarding
hypermet
hippocampi
hypnotic
hocked
honked
hooked
h
hypopraxia
hystri
holoscope
h
hogmanes
ho
ho
how
hyperacusis
hydroph
hypertelic
he
hystazarin
hobb
hounds
hippopotami
hypercriticize
he
hypocrater
hid
hi
his
hoopoo
hono
hittitics
hist
hist
historics
hypermetamorphoses
he
hydrophorous
hold
hobbinoll
hyperinsulinization
hypothesizes
hyperimmunize
hyponymous
hyperorthodox
hymnlike
h
hysteromania
hypegiaphobia
hype
hyperbolaeon
hypothetist
how
hydropneumopericardium
histographical
hirudin
holomya
hierographic
homalocenchrus
homalo
homalopsinae
hydrophyll
hyperpanegyric
hyperp
hyperphosphatemia
hygiastic
hol
hol
hold
hippodromic
he
historics
histories
homari
hornswoggle
hypervigilantly
hypervi
hypervitaminosis
hypo
hyps
hypt
kept
quit
type
wept
hotheadedly
hyperconstitutional
hirsute
hirsu
hirsute
hysterodynia
homochiral
homochir
homochiral
homeophony
hottent
hippocras
histogen
hypervoluminous
home
hyperthermic
homelies
hoidens
maidens
how
houndy
hippus
honeydewed
hieroglypho
hypodermal
hypercyanotic
homoeoteleutic
hypnotic
holler
h
honestly
ho
hypercycle
horses
hymenophyllites
hylism
hypopharynges
hippolog
honestone
horizometer
hotfoots
h
hypnesthesis
holdfast
hippelates
homoean
homoe
homoeomorphy
hyponatremia
hypophonesis
hippologist
ho
hingle
hist
horseboy
h
hornbeak
hotch
hotch
hotching
hostessing
histor
highboard
hoard
hypopteron
homoeopath
homoeopath
homoeopathic
homogene
h
hypersecretion
hotel
hymnody
hyp
hilarious
hilsa
hydrometra
hyeniform
ho
hymenopteron
hinderes
hoyle
he
hypohyal
hypnogenetica
hyperalgia
hypercalcaemia
hyporhachidian
hyp
hyphenization
hoar
hypopituitary
hylotheism
hitchel
hype
hymnologically
how
hyperdeliciously
hone
hornfels
homicidal
hoddle
meddle
middle
puddle
hormonal
hypozoic
homotaxic
homuncular
hodoph
houndish
hom
hom
home
hypsicephaly
horme
horm
hormetic
hypobasis
hingecorner
hovelled
hyper
hyper
hyperbolaeon
any
hay
hny
hoy
hypobaropathy
hoernesite
hyperbolaeon
hookweed
highflying
hyperanarchy
hillfo
hooliganize
hill
hypophosphate
his
housemaid
hypo
holoplexia
ho
hovenia
h
h
he
hippi
hyson
hindgut
holo
hyperaphic
hippian
goodman
hoodman
holoscope
hypotaxis
hypabyssal
hippocoprosterol
hoods
hyperconformist
hoa
heroic
hircic
holmic
hormic
he
holgate
hogframe
hijacker
hypo
hillary
hist
holoscope
hypochaeris
holostei
hobnail
homogenetically
hom
hildebrandist
hooseg
hokeypokey
hol
holothoracic
hyp
homeomorph
hymn
hymn
hymnariunaria
hyracoid
h
hoises
noises
hom
hygienic
holarctic
homometrical
h
hysterectomy
hip
hypostase
hypnotic
hospitage
hyothyroid
hoarding
home
hotshot
house
house
house
homoeotypical
hospitize
hogmace
hydrula
hydrul
hydrula
horizontic
highlife
hypermnesis
hogged
hogge
hogget
hierogrammatic
hooklike
hookli
hooklike
hydrosulphide
hyponitri
horsemint
h
hyperthyroid
hypnotic
hinderly
honour
hookwormer
hyde
hooeys
hyoscapular
hydrosphere
hyde
hy
hypnotic
hyperotretan
homogenizing
hypocalcemia
hyetal
hyeta
hyetal
homothallism
homoeomorphy
hygiene
he
hyphenate
horizometer
hooliganize
h
h
he
hobbles
hopples
hyde
hy
hypnotic
hylomorphous
hyperglycaemia
hyperglycaem
hyperglycaemia
hobbyhorsical
hippogastronomy
hippogastr
hippogastronomy
hyponychial
hiking
hikin
hiking
hocket
hogget
hoppet
hornet
houlet
high
hodometer
hololith
hysterectomizes
hosanna
hypererethism
hipnesses
hipness
hipnesses
hypodiazeuxis
hookies
holothuridea
hypophosphate
hypophosp
hypophosphate
highi
hilda
hindi
hinds
hindu
hipmi
hippi
horridl
higgling
h
boon
bore
born
burn
coin
cord
core
corn
cort
doin
down
earn
fore
form
gory
gown
hohn
hoin
hoon
hora
hore
horn
hors
hory
john
join
lord
lore
moan
moon
more
morn
noon
port
soon
sore
sort
sown
tore
torn
town
turn
warn
word
wore
work
worm
worn
york
honour
hierarchies
hopkinsian
hypocotyledonous
hopcalite
hippolytidae
hypnotic
hoster
hydrotheca
hirseling
hoick
hoic
hoicked
hilariousness
home
highbred
h
h
he
hyperdeliciousness
hypocalcemia
hypoc
hypocentre
hinges
tinges
hyp
hokes
holes
homes
hones
hopes
hoses
hoofing
homodermy
hyperdisten
household
homotaxy
hippomanes
hypercritically
hittite
hint
hint
hint
hoodooed
hilli
hies
hips
hiss
hits
hydrothec
hypnoanalysis
horopito
hypoglossitis
hyperact
hollooed
hi
hooliganish
highhanded
hyperthermesthesia
hydroxamic
hydrox
hydroximic
hydrous
he
hobbyist
hypoparathyroidism
hypop
hypopiesis
homages
hindu
hierarchism
hypnotic
hyenic
hymnic
hypnic
hyperhi
homeotransplant
hypoka
hogan
hokan
honan
human
hypermetrope
horologia
hydrometrical
holdfast
ho
hippidae
hymnology
hiems
holms
hyper
hylozoism
hyperglobulia
hyperglo
hyperglobulia
homochromatism
hogh
hogbush
hyperreverential
hyperrever
hyperreverential
hypericism
hygroblepharic
hygro
hygrophaneity
hogmanays
hoveled
hieracite
histogen
histog
histographical
hypercryaesthesia
h
hypernotions
hyp
hilts
hints
hists
holts
hoots
hosts
hypothecator
hypothecato
hypothecatory
hoactzins
hippocoprosterol
housesmith
h
hypoalimentation
hydropneumopericardium
hydroxamino
hither
hypodermically
hypo
hypo
hypohyal
hollowroot
h
honans
h
hymnariunaria
holdsman
holoquinoid
hol
hotblooded
hydrophytic
hovelled
hypsophyll
hypsophyll
hypsophyllous
honorableness
hyperdiatessaron
hyperorthodoxy
h
h
he
hodgkinsonite
hyde
horrescent
hill
hyperexaltation
hydrometrical
homerically
hippocras
hyperacuity
hyposkeletal
hippelates
he
honeymoonstruck
hom
hom
home
homelyn
home
home
home
horologium
h
holochroal
hypogeugea
hypogeuge
hypogeugea
hockers
hockeys
honkers
hookera
mockery
h
hogshead
hongkon
hongkong
holoplexia
householders
hyperbulia
hypotonus
h
h
he
hypnotism
hymenophore
hightails
histopathologic
histopathol
histopathologically
hooliganish
hip
hip
hippodromic
hypogene
hyde
hyperbarbarism
host
host
hostility
homeopolar
hypermedication
hydropower
hypohyal
holdout
h
hirtch
hyperpatriot
hypoblastic
hierogrammate
hypocotyl
hyde
horridly
hypocho
hindwards
how
hypodynamic
hired
homme
horme
hypocoristically
boon
born
coin
corn
doin
down
gown
hisn
hoar
hoax
hobs
hoch
hock
hods
hoed
hoer
hoey
hoga
hogg
hogo
hogs
hohe
hohn
hoho
hoin
hoit
hoke
hold
hole
holk
holm
holp
hols
holt
holy
home
homo
homy
hond
hone
honk
hood
hook
hoom
hoon
hope
hopi
hora
hore
horn
hors
hory
hose
hosp
hoss
host
hote
hots
hour
hout
hova
hove
howl
hoya
hoys
hymn
john
join
moan
moon
morn
noon
soon
sown
torn
town
worn
hyson
hierophant
horses
hyperintellectual
how
hopperdozer
how
hylobates
hyper
hyper
hyperbolaeon
hlidhskjalf
hypersystole
hortative
hoo
hypotheses
hippologist
hippologis
hippologist
hyperemphasize
homages
hysteropexia
hypnotic
histiology
holloware
hyperalgia
how
hypnotizes
hyracoid
hoogaars
hyper
hyper
hyperbolaeon
highbred
hydropac
hopbine
historiographi
hittitology
he
hypophora
ho
hoss
loss
holla
holla
hollaing
histonal
hol
homefolk
hylarchical
hypinosis
hylozoistical
hypertrophies
hormogonous
dowdy
hoddy
hoody
howdy
moody
h
hyperscrupulous
hy
homothallism
he
horripilate
hortatoril
hobits
homo
hydrometeorological
ho
ho
how
hockers
hypnotic
hypopiesis
hypopteral
hyperchloremia
hypnotic
hyposulphate
ho
hero
hiro
hoar
hoax
hobs
hoch
hock
hods
hoed
hoer
hoey
hoga
hogg
hogo
hogs
hohe
hohn
hoho
hoin
hoit
hoke
hold
hole
holk
holm
holp
hols
holt
holy
home
homo
homy
hond
hone
honk
hood
hook
hoom
hoon
hope
hopi
hora
hore
horn
hors
hory
hose
hosp
hoss
host
hote
hots
hour
hout
hova
hove
howl
hoya
hoys
hypo
soho
he
honans
honolulu
hono
honour
hyperbolicly
hydros
hyperurbanism
hymen
hypersensitiveness
hortyard
hortyar
hortyard
homacanth
hydrophan
hyponitrite
ho
hypercarburetted
hydronitroprussic
hydros
h
homesickly
hyde
hy
hypnotic
hypnotics
hogg
hogg
hogget
eight
fight
highi
highs
hight
light
might
night
right
sighs
sight
tight
hypacusia
hypac
hypacusia
hydrophilous
hypocarp
hoblob
hypertrophic
hydropot
hypegiaphobia
hype
hyperbolaeon
hysterolaparotomy
hovelled
hoplonemertini
hymen
hornblende
howdah
howd
howdy
historize
h
h
he
horsenail
hypsographical
hypohyal
hope
hiker
hoker
queer
taker
hon
hypochloremia
higginsite
horseshoers
hoo
hotdogger
how
hopbine
houseclea
hisser
how
hymns
hypnotic
horsenail
horsetail
hyde
hy
hypnotic
hollyleaf
hydromel
hydro
hydrometrical
hypocrateriform
hispanic
horsetown
hitherunto
hyperbaric
h
h
he
hyperspeculative
hydrophanous
horned
hymned
holochoanitic
hypotrochoidal
he
hyperthesis
he
hinnying
hyosternal
hydroxyketone
horizometer
horiz
horizon
hypovitaminosis
homeochronous
homeochrono
homeochronous
hyperphosphatemia
hollaing
hysteropathy
homo
homo
homoeomorphy
hydronic
ho
ho
how
hymnary
hop
holystone
hypnaceou
hyperpathetically
home
hyoepiglottic
ho
hornfish
holothuria
hydrosarcocele
highjacked
highjack
highjacks
hypothesiser
hyp
homoanisic
he
housecarl
hilaria
hypsometrical
holometa
hoodedness
hysterotraumatism
hippocrenian
homesick
hydroxamino
hyp
hyp
hypnotic
holothoracic
hongkong
hongkon
hongkong
hypersensually
hydrophilite
hyphemias
hylomys
hylomy
hylomys
holloas
holo
boys
hoys
joys
hyde
hy
hypnotic
hyperaemia
hypos
hypos
hyposmia
hooted
rooted
hot
horsekeeping
hygeist
homogonies
hid
hi
his
hydropot
hogmace
hogma
hogmanes
hieracian
hyping
hyposternal
hypegiaphobia
hype
hyperbolaeon
hymnography
hyperabsorption
hypera
hyperangelic
hyponea
hypogamy
hypoga
hypogamy
hirpled
hirples
hyperemesis
hyperem
hyperemotively
hister
hoster
histopathologic
histopatho
histopathologically
homalocenchrus
he
homemaker
hookmaker
hoopmaker
hieronymic
hitchhikers
hostility
hydroxyproline
hoker
homoeophyllous
hystriciasis
hystrici
hystricism
hypohepatia
h
honeyful
homoiousian
hydrophilic
hor
hyphemia
hoker
hyetography
histomorphological
hillers
hollers
hypnotic
homeoidality
hiera
hier
hierodule
hopples
ho
himalaya
histochemic
histo
historics
hypopnoea
horatio
homoeophyllous
hymenomycete
hippopathological
holarctic
hylism
